  % Total    % Received % Xferd  Average Speed   Time    Time     Time  Current
                                 Dload  Upload   Total   Spent    Left  Speed
  0     0    0     0    0     0      0      0 --:--:-- --:--:-- --:--:--     0*   Trying 18.227.134.57:80...
* Connected to ec2-18-227-134-57.us-east-2.compute.amazonaws.com (18.227.134.57) port 80 (#0)
> GET / HTTP/1.1
> Host: ec2-18-227-134-57.us-east-2.compute.amazonaws.com
> User-Agent: curl/8.1.2
> Accept: */*
> Cookie: login=eyJ1c2VybmFtZSI6ImF3ZGVvcmlvIn0.ZdWLQw.bvoBMCjFt4VH9sssBMPZgXPYqQA
> 
< HTTP/1.1 200 OK
< Server: nginx/1.18.0 (Ubuntu)
< Date: Wed, 21 Feb 2024 05:34:01 GMT
< Content-Type: text/html; charset=utf-8
< Content-Length: 704
< Connection: keep-alive
< Vary: Cookie
< 
{ [704 bytes data]
100   704  100   704    0     0   6282      0 --:--:-- --:--:-- --:--:--  6579
* Connection #0 to host ec2-18-227-134-57.us-east-2.compute.amazonaws.com left intact
