  % Total    % Received % Xferd  Average Speed   Time    Time     Time  Current
                                 Dload  Upload   Total   Spent    Left  Speed
  0     0    0     0    0     0      0      0 --:--:-- --:--:-- --:--:--     0*   Trying 18.227.134.57:80...
* Connected to ec2-18-227-134-57.us-east-2.compute.amazonaws.com (18.227.134.57) port 80 (#0)
> GET /static/js/bundle.js HTTP/1.1
> Host: ec2-18-227-134-57.us-east-2.compute.amazonaws.com
> User-Agent: curl/8.1.2
> Accept: */*
> Cookie: login=eyJ1c2VybmFtZSI6ImF3ZGVvcmlvIn0.ZdWLQw.bvoBMCjFt4VH9sssBMPZgXPYqQA
> 
< HTTP/1.1 200 OK
< Server: nginx/1.18.0 (Ubuntu)
< Date: Wed, 21 Feb 2024 05:34:07 GMT
< Content-Type: text/javascript; charset=utf-8
< Content-Length: 698328
< Connection: keep-alive
< Content-Disposition: inline; filename=bundle.js
< Last-Modified: Wed, 21 Feb 2024 05:30:13 GMT
< Cache-Control: no-cache
< ETag: "1708493413.8701909-698328-3954186017"
< 
{ [1101 bytes data]
 46  681k   46  316k    0     0   449k      0  0:00:01 --:--:--  0:00:01  450k100  681k  100  681k    0     0   590k      0  0:00:01  0:00:01 --:--:--  591k
* Connection #0 to host ec2-18-227-134-57.us-east-2.compute.amazonaws.com left intact
